<?xml version="1.0" encoding="UTF-8"?>
<!-- Generated by org.testng.reporters.JUnitXMLReporter -->
<testsuite hostname="DESKTOP-SL11G16" ignored="0" name="Test" tests="4" failures="0" timestamp="2019-12-30T13:59:46 IST" time="139.931" errors="0">
  <testcase name="validateAppTitle" time="0.656" classname="Academy.E2EFramework.validateTitle"/>
  <testcase name="validateAppNavBar" time="0.744" classname="Academy.E2EFramework.validateNavigationBar"/>
  <testcase name="basePageNavigation" time="53.609" classname="Academy.E2EFramework.HomePage"/>
  <testcase name="basePageNavigation" time="38.75" classname="Academy.E2EFramework.HomePage"/>
</testsuite> <!-- Test -->
