<?xml version="1.0" encoding="UTF-8"?>
<!-- Generated by org.testng.reporters.JUnitXMLReporter -->
<testsuite ignored="0" hostname="DESKTOP-SL11G16" failures="1" tests="1" name="Validating Title in the Page" time="30.873" errors="0" timestamp="2019-12-30T15:52:42 IST">
  <testcase classname="Academy.E2EFramework.validateTitle" name="validateAppTitle" time="0.382">
    <failure type="java.lang.AssertionError" message="expected [FEATURED123 COURSES] but found [FEATURED COURSES]">
      <![CDATA[java.lang.AssertionError: expected [FEATURED123 COURSES] but found [FEATURED COURSES]
at Academy.E2EFramework.validateTitle.validateAppTitle(validateTitle.java:49)
at java.base/java.util.ArrayList.forEach(ArrayList.java:1507)
... Removed 36 stack frames]]>
    </failure>
  </testcase> <!-- validateAppTitle -->
</testsuite> <!-- Validating Title in the Page -->
