-------------------------------------------------------------------------------
Test set: TestSuite
-------------------------------------------------------------------------------
Tests run: 4, Failures: 1, Errors: 0, Skipped: 0, Time elapsed: 150.16 s <<< FAILURE! - in TestSuite
validateAppTitle(Academy.E2EFramework.validateTitle)  Time elapsed: 6.228 s  <<< FAILURE!
java.lang.AssertionError: expected [FEATURED123 COURSES] but found [FEATURED COURSES]
	at Academy.E2EFramework.validateTitle.validateAppTitle(validateTitle.java:49)

